Change Component Designator: Old Designator=C13 New Designator=C6
Change Component Designator: Old Designator=C14 New Designator=C7
Change Component Designator: Old Designator=C15 New Designator=C8
Change Component Designator: Old Designator=C16 New Designator=C9
Change Component Designator: Old Designator=C17 New Designator=C10
Change Component Designator: Old Designator=C18 New Designator=C11
Change Component Designator: Old Designator=C19 New Designator=C12
Change Component Designator: Old Designator=C20 New Designator=C13
Change Component Designator: Old Designator=DS7 New Designator=DS3
Change Component Designator: Old Designator=DS8 New Designator=DS4
Change Component Designator: Old Designator=J7 New Designator=J9
Change Component Designator: Old Designator=R14 New Designator=R6
Change Component Designator: Old Designator=R15 New Designator=R7
Change Component Designator: Old Designator=R16 New Designator=R8
Change Component Designator: Old Designator=TP15 New Designator=TP7
Change Component Designator: Old Designator=TP16 New Designator=TP8
Change Component Designator: Old Designator=TP17 New Designator=TP9
Change Component Designator: Old Designator=TP18 New Designator=TP10
Change Component Designator: Old Designator=TP19 New Designator=TP11
Change Component Designator: Old Designator=TP20 New Designator=TP12
Change Component Designator: Old Designator=TP21 New Designator=TP13
Change Component Designator: Old Designator=U5 New Designator=U9
Change Component Designator: Old Designator=U6 New Designator=U10
