Added Component: Designator=*1(JST PH 2x RIGHT COMB)
Added Component: Designator=*2(JST PH 2x RIGHT COMB)
Added Component: Designator=*?(JST PH 8x RIGHT SMD)
Added Component: Designator=*?(JST PH 5x RIGHT COMB)
Added Component: Designator=*(JST PH 8x RIGHT SMD)
Added Component: Designator=*(JST PH 5x RIGHT COMB)
Added Component: Designator=C1(Cap_Ceramic_0603)
Added Component: Designator=C2(Cap_Ceramic_0603)
Added Component: Designator=C3(Cap_Ceramic_0603)
Added Component: Designator=C4(Cap_Ceramic_0603)
Added Component: Designator=C7(Cap_Ceramic_0603)
Added Component: Designator=C8(Cap_Ceramic_0603)
Added Component: Designator=C9(Cap_Ceramic_0603)
Added Component: Designator=C10(Cap_Ceramic_0603)
Added Component: Designator=C11(Cap_Ceramic_0603)
Added Component: Designator=C12(Cap_Ceramic_0603)
Added Component: Designator=C13(Cap_Ceramic_0603)
Added Component: Designator=C14(Cap_Ceramic_0603)
Added Component: Designator=C15(Cap_Ceramic_0603)
Added Component: Designator=C16(Cap_Ceramic_0603)
Added Component: Designator=C19(Cap_Ceramic_0603)
Added Component: Designator=C20(Cap_Ceramic_0603)
Added Component: Designator=C21(Cap_Ceramic_0603)
Added Component: Designator=C22(Cap_Ceramic_0603)
Added Component: Designator=C23(Cap_Ceramic_0603)
Added Component: Designator=C24(Cap_Ceramic_0603)
Added Component: Designator=C25(Cap_Ceramic_1206)
Add component (AddParameter): Name = "ComponentLink1Description"; Value = "Digikey"; VariantName = "[No Variations]"
Add component (AddParameter): Name = "ComponentLink1URL"; Value = "https://www.digikey.com.au/product-detail/en/tdk-corporation/C3216X5R1V226M160AC/445-8045-1-ND/2792165"; VariantName = "[No Variations]"
Add component (AddParameter): Name = "ComponentLink2Description"; Value = "Datasheet"; VariantName = "[No Variations]"
Add component (AddParameter): Name = "ComponentLink2URL"; Value = "https://product.tdk.com/info/en/catalog/datasheets/mlcc_commercial_general_en.pdf"; VariantName = "[No Variations]"
Added Component: Designator=C26(Cap_Ceramic_1206)
Add component (AddParameter): Name = "ComponentLink1Description"; Value = "Digikey"; VariantName = "[No Variations]"
Add component (AddParameter): Name = "ComponentLink1URL"; Value = "https://www.digikey.com.au/product-detail/en/tdk-corporation/C3216X5R1V226M160AC/445-8045-1-ND/2792165"; VariantName = "[No Variations]"
Add component (AddParameter): Name = "ComponentLink2Description"; Value = "Datasheet"; VariantName = "[No Variations]"
Add component (AddParameter): Name = "ComponentLink2URL"; Value = "https://product.tdk.com/info/en/catalog/datasheets/mlcc_commercial_general_en.pdf"; VariantName = "[No Variations]"
Added Component: Designator=C27(Cap_Ceramic_1210)
Added Component: Designator=C28(Cap_Ceramic_1210)
Added Component: Designator=C29(Cap_Ceramic_0603)
Added Component: Designator=C30(Cap_Ceramic_1206)
Added Component: Designator=C31(Cap_Ceramic_1206)
Added Component: Designator=C32(Cap_Ceramic_1210)
Added Component: Designator=C33(Cap_Ceramic_1210)
Added Component: Designator=D3(NUP2105L)
Add component (AddParameter): Name = "ComponentLink1Description"; Value = "Datasheet"; VariantName = "[No Variations]"
Add component (AddParameter): Name = "ComponentLink1URL"; Value = "https://www.onsemi.cn/PowerSolutions/document/NUP2105L-D.PDF"; VariantName = "[No Variations]"
Add component (AddParameter): Name = "ComponentLink2Description"; Value = "LCSC"; VariantName = "[No Variations]"
Add component (AddParameter): Name = "ComponentLink2URL"; Value = "https://lcsc.com/product-detail/TVS_ON-Semiconductor-NUP2105LT1G_C14486.html"; VariantName = "[No Variations]"
Add component (AddParameter): Name = "ComponentLink3Description"; Value = "Digikey"; VariantName = "[No Variations]"
Add component (AddParameter): Name = "ComponentLink3URL"; Value = "https://www.digikey.com.au/product-detail/en/on-semiconductor/SZNUP2105LT1G/SZNUP2105LT1GOSCT-ND/3487669"; VariantName = "[No Variations]"
Add component (AddParameter): Name = "Parameter 1"; Value = ""; VariantName = "[No Variations]"
Added Component: Designator=D5(NUP2105L)
Add component (AddParameter): Name = "ComponentLink1Description"; Value = "Datasheet"; VariantName = "[No Variations]"
Add component (AddParameter): Name = "ComponentLink1URL"; Value = "https://www.onsemi.cn/PowerSolutions/document/NUP2105L-D.PDF"; VariantName = "[No Variations]"
Add component (AddParameter): Name = "ComponentLink2Description"; Value = "LCSC"; VariantName = "[No Variations]"
Add component (AddParameter): Name = "ComponentLink2URL"; Value = "https://lcsc.com/product-detail/TVS_ON-Semiconductor-NUP2105LT1G_C14486.html"; VariantName = "[No Variations]"
Add component (AddParameter): Name = "ComponentLink3Description"; Value = "Digikey"; VariantName = "[No Variations]"
Add component (AddParameter): Name = "ComponentLink3URL"; Value = "https://www.digikey.com.au/product-detail/en/on-semiconductor/SZNUP2105LT1G/SZNUP2105LT1GOSCT-ND/3487669"; VariantName = "[No Variations]"
Add component (AddParameter): Name = "Parameter 1"; Value = ""; VariantName = "[No Variations]"
Added Component: Designator=D6(SMA)
Add component (AddParameter): Name = "Average Rectified Current"; Value = "150mA"; VariantName = "[No Variations]"
Add component (AddParameter): Name = "Category"; Value = "Rectifier Diodes"; VariantName = "[No Variations]"
Add component (AddParameter): Name = "Contact Plating"; Value = "Tin,Matte"; VariantName = "[No Variations]"
Add component (AddParameter): Name = "Element Configuration"; Value = "Single"; VariantName = "[No Variations]"
Add component (AddParameter): Name = "Forward Current"; Value = "150mA"; VariantName = "[No Variations]"
Add component (AddParameter): Name = "Forward Voltage"; Value = "1V"; VariantName = "[No Variations]"
Add component (AddParameter): Name = "Height"; Value = "1mm"; VariantName = "[No Variations]"
Add component (AddParameter): Name = "Lead Free"; Value = "Lead Free"; VariantName = "[No Variations]"
Add component (AddParameter): Name = "Length"; Value = "1.8mm"; VariantName = "[No Variations]"
Add component (AddParameter): Name = "Manufacturer"; Value = "ON Semiconductor / Fairchild"; VariantName = "[No Variations]"
Add component (AddParameter): Name = "Manufacturer Part Number"; Value = "1N914BWS"; VariantName = "[No Variations]"
Add component (AddParameter): Name = "Max Forward Surge Current (Ifsm)"; Value = "4A"; VariantName = "[No Variations]"
Add component (AddParameter): Name = "Max Operating Temperature"; Value = "150°C"; VariantName = "[No Variations]"
Add component (AddParameter): Name = "Max Repetitive Reverse Voltage (Vrrm)"; Value = "75V"; VariantName = "[No Variations]"
Add component (AddParameter): Name = "Max Reverse Leakage Current"; Value = "5uA"; VariantName = "[No Variations]"
Add component (AddParameter): Name = "Max Reverse Voltage (DC)"; Value = "75V"; VariantName = "[No Variations]"
Add component (AddParameter): Name = "Min Operating Temperature"; Value = "-55°C"; VariantName = "[No Variations]"
Add component (AddParameter): Name = "Mount"; Value = "Surface Mount"; VariantName = "[No Variations]"
Add component (AddParameter): Name = "Number of Pins"; Value = "2"; VariantName = "[No Variations]"
Add component (AddParameter): Name = "Package Quantity"; Value = "1"; VariantName = "[No Variations]"
Add component (AddParameter): Name = "Packaging"; Value = "Tape and Reel"; VariantName = "[No Variations]"
Add component (AddParameter): Name = "Parameter 1"; Value = ""; VariantName = "[No Variations]"
Add component (AddParameter): Name = "Peak Reverse Current"; Value = "5uA"; VariantName = "[No Variations]"
Add component (AddParameter): Name = "Power Dissipation"; Value = "200mW"; VariantName = "[No Variations]"
Add component (AddParameter): Name = "Radiation Hardening"; Value = "No"; VariantName = "[No Variations]"
Add component (AddParameter): Name = "REACH SVHC"; Value = "No SVHC"; VariantName = "[No Variations]"
Add component (AddParameter): Name = "Recovery Time"; Value = "4ns"; VariantName = "[No Variations]"
Add component (AddParameter): Name = "Reverse Recovery Time"; Value = "4ns"; VariantName = "[No Variations]"
Add component (AddParameter): Name = "Reverse Voltage"; Value = "75V"; VariantName = "[No Variations]"
Add component (AddParameter): Name = "Weight"; Value = "0.0276g"; VariantName = "[No Variations]"
Add component (AddParameter): Name = "Width"; Value = "1.35mm"; VariantName = "[No Variations]"
Added Component: Designator=D7(SMA)
Added Component: Designator=D8(SMA)
Added Component: Designator=D9(SC-47)
Added Component: Designator=DS1(LED BLUE 0603)
Added Component: Designator=DS2(LED BLUE 0603)
Added Component: Designator=DS3(LED ORANGE 0603)
Added Component: Designator=DS4(LED ORANGE 0603)
Added Component: Designator=DS5(LED BLUE 0603)
Added Component: Designator=DS6(LED BLUE 0603)
Added Component: Designator=IC1(SOIC127P600X175-16N)
Add component (AddParameter): Name = "Arrow Part Number"; Value = "SI8640BB-B-IS1R"; VariantName = "[No Variations]"
Add component (AddParameter): Name = "Arrow Price/Stock"; Value = "https://www.arrow.com/en/products/si8640bb-b-is1r/silicon-labs"; VariantName = "[No Variations]"
Add component (AddParameter): Name = "Datasheet Link"; Value = "https://www.arrow.com/en/products/si8640bb-b-is1r/silicon-labs"; VariantName = "[No Variations]"
Add component (AddParameter): Name = "Height"; Value = "1.75mm"; VariantName = "[No Variations]"
Add component (AddParameter): Name = "Manufacturer_Name"; Value = "Silicon Labs"; VariantName = "[No Variations]"
Add component (AddParameter): Name = "Manufacturer_Part_Number"; Value = "SI8640BB-B-IS1R"; VariantName = "[No Variations]"
Add component (AddParameter): Name = "Mouser Part Number"; Value = "634-SI8640BB-B-IS1R"; VariantName = "[No Variations]"
Add component (AddParameter): Name = "Mouser Price/Stock"; Value = "https://www.mouser.co.uk/ProductDetail/Silicon-Labs/SI8640BB-B-IS1R?qs=j6MGy4L9yX09sv%252BEYaun9w%3D%3D"; VariantName = "[No Variations]"
Added Component: Designator=IC2(SOIC127P600X175-16N)
Add component (AddParameter): Name = "Arrow Part Number"; Value = "SI8640BB-B-IS1R"; VariantName = "[No Variations]"
Add component (AddParameter): Name = "Arrow Price/Stock"; Value = "https://www.arrow.com/en/products/si8640bb-b-is1r/silicon-labs"; VariantName = "[No Variations]"
Add component (AddParameter): Name = "Datasheet Link"; Value = "https://www.arrow.com/en/products/si8640bb-b-is1r/silicon-labs"; VariantName = "[No Variations]"
Add component (AddParameter): Name = "Height"; Value = "1.75mm"; VariantName = "[No Variations]"
Add component (AddParameter): Name = "Manufacturer_Name"; Value = "Silicon Labs"; VariantName = "[No Variations]"
Add component (AddParameter): Name = "Manufacturer_Part_Number"; Value = "SI8640BB-B-IS1R"; VariantName = "[No Variations]"
Add component (AddParameter): Name = "Mouser Part Number"; Value = "634-SI8640BB-B-IS1R"; VariantName = "[No Variations]"
Add component (AddParameter): Name = "Mouser Price/Stock"; Value = "https://www.mouser.co.uk/ProductDetail/Silicon-Labs/SI8640BB-B-IS1R?qs=j6MGy4L9yX09sv%252BEYaun9w%3D%3D"; VariantName = "[No Variations]"
Added Component: Designator=IC3(SOIC127P600X175-16N)
Add component (AddParameter): Name = "Arrow Part Number"; Value = "SI8641BC-B-IS1"; VariantName = "[No Variations]"
Add component (AddParameter): Name = "Arrow Price/Stock"; Value = "https://www.arrow.com/en/products/si8641bc-b-is1/silicon-labs"; VariantName = "[No Variations]"
Add component (AddParameter): Name = "Datasheet Link"; Value = "https://componentsearchengine.com/Datasheets/2/SI8641BC-B-IS1.pdf"; VariantName = "[No Variations]"
Add component (AddParameter): Name = "Height"; Value = "1.75mm"; VariantName = "[No Variations]"
Add component (AddParameter): Name = "Manufacturer_Name"; Value = "Silicon Labs"; VariantName = "[No Variations]"
Add component (AddParameter): Name = "Manufacturer_Part_Number"; Value = "Si8641BC-B-IS1"; VariantName = "[No Variations]"
Add component (AddParameter): Name = "Mouser Part Number"; Value = "634-SI8641BC-B-IS1"; VariantName = "[No Variations]"
Add component (AddParameter): Name = "Mouser Price/Stock"; Value = "https://www.mouser.co.uk/ProductDetail/Silicon-Labs/SI8641BC-B-IS1?qs=j6MGy4L9yX1Vde%2FgWgVbaA%3D%3D"; VariantName = "[No Variations]"
Added Component: Designator=IC4(SOIC127P600X175-16N)
Add component (AddParameter): Name = "Arrow Part Number"; Value = "AM26LS32ACDR"; VariantName = "[No Variations]"
Add component (AddParameter): Name = "Arrow Price/Stock"; Value = "https://www.arrow.com/en/products/am26ls32acdr/texas-instruments"; VariantName = "[No Variations]"
Add component (AddParameter): Name = "Datasheet Link"; Value = "http://www.ti.com/lit/gpn/am26ls32ac"; VariantName = "[No Variations]"
Add component (AddParameter): Name = "Height"; Value = "1.75mm"; VariantName = "[No Variations]"
Add component (AddParameter): Name = "Manufacturer_Name"; Value = "Texas Instruments"; VariantName = "[No Variations]"
Add component (AddParameter): Name = "Manufacturer_Part_Number"; Value = "AM26LS32ACDR"; VariantName = "[No Variations]"
Add component (AddParameter): Name = "Mouser Part Number"; Value = "595-AM26LS32ACDR"; VariantName = "[No Variations]"
Add component (AddParameter): Name = "Mouser Price/Stock"; Value = "https://www.mouser.co.uk/ProductDetail/Texas-Instruments/AM26LS32ACDR/?qs=L4Mc90zKIpjEhSPPcfdoEw%3D%3D"; VariantName = "[No Variations]"
Added Component: Designator=IC5(SOIC127P600X175-16N)
Add component (AddParameter): Name = "Arrow Part Number"; Value = "AM26LS32ACDR"; VariantName = "[No Variations]"
Add component (AddParameter): Name = "Arrow Price/Stock"; Value = "https://www.arrow.com/en/products/am26ls32acdr/texas-instruments"; VariantName = "[No Variations]"
Add component (AddParameter): Name = "Datasheet Link"; Value = "http://www.ti.com/lit/gpn/am26ls32ac"; VariantName = "[No Variations]"
Add component (AddParameter): Name = "Height"; Value = "1.75mm"; VariantName = "[No Variations]"
Add component (AddParameter): Name = "Manufacturer_Name"; Value = "Texas Instruments"; VariantName = "[No Variations]"
Add component (AddParameter): Name = "Manufacturer_Part_Number"; Value = "AM26LS32ACDR"; VariantName = "[No Variations]"
Add component (AddParameter): Name = "Mouser Part Number"; Value = "595-AM26LS32ACDR"; VariantName = "[No Variations]"
Add component (AddParameter): Name = "Mouser Price/Stock"; Value = "https://www.mouser.co.uk/ProductDetail/Texas-Instruments/AM26LS32ACDR/?qs=L4Mc90zKIpjEhSPPcfdoEw%3D%3D"; VariantName = "[No Variations]"
Added Component: Designator=J1(Jumper_2Way_Pin)
Added Component: Designator=J2(Jumper_2Way_Pin)
Added Component: Designator=J3(Jumper_2Way_Pin)
Added Component: Designator=J4(IDC 1.27MM 10P)
Added Component: Designator=J5(Jumper_2Way_Pin)
Added Component: Designator=J6(Jumper_2Way_Pin)
Added Component: Designator=J7(Jumper_2Way_Pin)
Added Component: Designator=J8(MX120G)
Added Component: Designator=J9(MX120G)
Added Component: Designator=J10(JST PH 4x RIGHT COMB)
Added Component: Designator=R4(Res_ThinFilm_0603)
Added Component: Designator=R5(Res_ThinFilm_0603)
Added Component: Designator=R6(Res_ThinFilm_1210)
Added Component: Designator=R7(Res_ThinFilm_0603)
Added Component: Designator=R8(Res_ThinFilm_0603)
Added Component: Designator=R9(Res_ThinFilm_0603)
Added Component: Designator=R12(Res_ThinFilm_0603)
Added Component: Designator=R13(Res_ThinFilm_0603)
Added Component: Designator=R14(Res_ThinFilm_1210)
Added Component: Designator=R15(Res_ThinFilm_0603)
Added Component: Designator=R16(Res_ThinFilm_0603)
Added Component: Designator=R17(Res_ThinFilm_0603)
Added Component: Designator=R18(Res_ThinFilm_0603)
Added Component: Designator=R19(Res_ThinFilm_0603)
Added Component: Designator=R20(Res_ThinFilm_0603)
Added Component: Designator=R21(Res_ThinFilm_0603)
Added Component: Designator=R22(Res_ThinFilm_0603)
Added Component: Designator=R23(Res_ThinFilm_0603)
Added Component: Designator=R24(Res_ThinFilm_0603)
Added Component: Designator=R25(Res_ThinFilm_0603)
Added Component: Designator=R26(Res_ThinFilm_0603)
Added Component: Designator=R27(Res_ThinFilm_0603)
Added Component: Designator=R28(Res_ThinFilm_0603)
Added Component: Designator=R29(Res_ThinFilm_0603)
Added Component: Designator=R30(Res_ThinFilm_0603)
Added Component: Designator=SW1(BTN B3U-1000P)
Add component (AddParameter): Name = "ComponentLink1Description"; Value = "LCSC"; VariantName = "[No Variations]"
Add component (AddParameter): Name = "ComponentLink1URL"; Value = "https://lcsc.com/product-detail/Tactile-Switches_BRIGHT-TSA063G50-250_C294565.html"; VariantName = "[No Variations]"
Added Component: Designator=TP1(TestPointSMD)
Added Component: Designator=TP2(TestPointSMD)
Added Component: Designator=TP3(TestPointSMD)
Added Component: Designator=TP4(TestPointSMD)
Added Component: Designator=TP5(TestPointSMD)
Added Component: Designator=TP6(TestPointSMD)
Added Component: Designator=TP7(TestPointSMD)
Added Component: Designator=TP8(TestPointSMD)
Added Component: Designator=TP9(TestPointSMD)
Added Component: Designator=TP10(TestPointSMD)
Added Component: Designator=TP14(TestPointSMD)
Added Component: Designator=TP15(TestPointSMD)
Added Component: Designator=TP16(TestPointSMD)
Added Component: Designator=U3(Si8621BC-B-IS)
Add component (AddParameter): Name = "ComponentLink1Description"; Value = "Digikey"; VariantName = "[No Variations]"
Add component (AddParameter): Name = "ComponentLink1URL"; Value = "https://www.digikey.com.au/product-detail/en/silicon-labs/SI8621BC-B-ISR/336-4774-1-ND/8611005"; VariantName = "[No Variations]"
Add component (AddParameter): Name = "ComponentLink2Description"; Value = "Datasheet"; VariantName = "[No Variations]"
Add component (AddParameter): Name = "ComponentLink2URL"; Value = "https://www.silabs.com/documents/public/data-sheets/si861x-2x-datasheet.pdf"; VariantName = "[No Variations]"
Added Component: Designator=U4(SN65HVD233DR)
Add component (AddParameter): Name = "ComponentLink1Description"; Value = "LCSC"; VariantName = "[No Variations]"
Add component (AddParameter): Name = "ComponentLink1URL"; Value = "https://lcsc.com/product-detail/CAN-ICs_Texas-Instruments_SN65HVD233DRG4_Texas-Instruments-Texas-Instruments-SN65HVD233DRG4_C61643.html"; VariantName = "[No Variations]"
Add component (AddParameter): Name = "ComponentLink2Description"; Value = "Digikey"; VariantName = "[No Variations]"
Add component (AddParameter): Name = "ComponentLink2URL"; Value = "https://www.digikey.com.au/product-detail/en/texas-instruments/SN65HVD233DR/296-35967-1-ND/4134960"; VariantName = "[No Variations]"
Add component (AddParameter): Name = "ComponentLink3Description"; Value = "Datasheet"; VariantName = "[No Variations]"
Add component (AddParameter): Name = "ComponentLink3URL"; Value = "https://www.ti.com/lit/ds/symlink/sn65hvd233.pdf?ts=1588560888178"; VariantName = "[No Variations]"
Add component (AddParameter): Name = "ComponentLink4Description"; Value = "Ti Product Page"; VariantName = "[No Variations]"
Add component (AddParameter): Name = "ComponentLink4URL"; Value = "https://www.ti.com/product/SN65HVD233"; VariantName = "[No Variations]"
Added Component: Designator=U5(STM32F105RC)
Add component (AddParameter): Name = "ComponentLink1Description"; Value = "Digikey"; VariantName = "[No Variations]"
Add component (AddParameter): Name = "ComponentLink1URL"; Value = "https://www.digikey.com.au/product-detail/en/stmicroelectronics/STM32F105RCT6TR/497-17397-1-ND/8024118"; VariantName = "[No Variations]"
Add component (AddParameter): Name = "ComponentLink2Description"; Value = "Datasheet"; VariantName = "[No Variations]"
Add component (AddParameter): Name = "ComponentLink2URL"; Value = "https://www.st.com/content/ccc/resource/technical/document/datasheet/e4/f3/1a/89/5a/02/46/ae/CD00220364.pdf/files/CD00220364.pdf/jcr:content/translations/en.CD00220364.pdf"; VariantName = "[No Variations]"
Added Component: Designator=U6(DSC1001DI1-008.0000TCT-ND)
Added Component: Designator=U8(SN65HVD233DR)
Add component (AddParameter): Name = "ComponentLink1Description"; Value = "LCSC"; VariantName = "[No Variations]"
Add component (AddParameter): Name = "ComponentLink1URL"; Value = "https://lcsc.com/product-detail/CAN-ICs_Texas-Instruments_SN65HVD233DRG4_Texas-Instruments-Texas-Instruments-SN65HVD233DRG4_C61643.html"; VariantName = "[No Variations]"
Add component (AddParameter): Name = "ComponentLink2Description"; Value = "Digikey"; VariantName = "[No Variations]"
Add component (AddParameter): Name = "ComponentLink2URL"; Value = "https://www.digikey.com.au/product-detail/en/texas-instruments/SN65HVD233DR/296-35967-1-ND/4134960"; VariantName = "[No Variations]"
Add component (AddParameter): Name = "ComponentLink3Description"; Value = "Datasheet"; VariantName = "[No Variations]"
Add component (AddParameter): Name = "ComponentLink3URL"; Value = "https://www.ti.com/lit/ds/symlink/sn65hvd233.pdf?ts=1588560888178"; VariantName = "[No Variations]"
Add component (AddParameter): Name = "ComponentLink4Description"; Value = "Ti Product Page"; VariantName = "[No Variations]"
Add component (AddParameter): Name = "ComponentLink4URL"; Value = "https://www.ti.com/product/SN65HVD233"; VariantName = "[No Variations]"
Added Component: Designator=U10(FP-DDC0006A-MFG)
Add component (AddParameter): Name = "Automotive"; Value = "No"; VariantName = "[No Variations]"
Add component (AddParameter): Name = "Category"; Value = "IC"; VariantName = "[No Variations]"
Add component (AddParameter): Name = "ComponentLink2Description"; Value = "Datasheet"; VariantName = "[No Variations]"
Add component (AddParameter): Name = "ComponentLink2URL"; Value = "https://www.ti.com/lit/ds/symlink/lmr14010a.pdf"; VariantName = "[No Variations]"
Add component (AddParameter): Name = "Device Class L1"; Value = "Integrated Circuits (ICs)"; VariantName = "[No Variations]"
Add component (AddParameter): Name = "Device Class L2"; Value = "Power Management ICs"; VariantName = "[No Variations]"
Add component (AddParameter): Name = "Device Class L3"; Value = "Voltage Regulators - Switching"; VariantName = "[No Variations]"
Add component (AddParameter): Name = "Digikey Description"; Value = "IC REG BUCK ADJ 1A TSOT23-6"; VariantName = "[No Variations]"
Add component (AddParameter): Name = "Height"; Value = "1.1mm"; VariantName = "[No Variations]"
Add component (AddParameter): Name = "Ipc Land Pattern Name"; Value = "SOT95P280X110-6"; VariantName = "[No Variations]"
Add component (AddParameter): Name = "Lead Free"; Value = "Yes"; VariantName = "[No Variations]"
Add component (AddParameter): Name = "Manufacturer"; Value = "Texas Instruments"; VariantName = "[No Variations]"
Add component (AddParameter): Name = "Manufacturer Part Number"; Value = "LMR14010ADDCR"; VariantName = "[No Variations]"
Add component (AddParameter): Name = "Max Duty Cycle"; Value = "96%"; VariantName = "[No Variations]"
Add component (AddParameter): Name = "Max Junction Temp"; Value = "+125°C"; VariantName = "[No Variations]"
Add component (AddParameter): Name = "Max Supply Voltage"; Value = "40V"; VariantName = "[No Variations]"
Add component (AddParameter): Name = "Min Supply Voltage"; Value = "4V"; VariantName = "[No Variations]"
Add component (AddParameter): Name = "Mouser Description"; Value = "4-V to 40-V, 1-A Step-Down Converter With High Efficiency Eco-Mode 6-SOT-23-THIN -40 to 125"; VariantName = "[No Variations]"
Add component (AddParameter): Name = "Number Of Outputs"; Value = "1"; VariantName = "[No Variations]"
Add component (AddParameter): Name = "Octopart"; Value = "https://octopart.com/lmr14010addcr-texas+instruments-90753290"; VariantName = "[No Variations]"
Add component (AddParameter): Name = "Output Current"; Value = "1A"; VariantName = "[No Variations]"
Add component (AddParameter): Name = "Output Type"; Value = "AdjustableProgrammable"; VariantName = "[No Variations]"
Add component (AddParameter): Name = "Package"; Value = "DDC0006A"; VariantName = "[No Variations]"
Add component (AddParameter): Name = "RoHS"; Value = "TRUE"; VariantName = "[No Variations]"
Add component (AddParameter): Name = "Standoff Height"; Value = "0mm"; VariantName = "[No Variations]"
Add component (AddParameter): Name = "Switching Frequency"; Value = "700kHz"; VariantName = "[No Variations]"
Add component (AddParameter): Name = "Switching Topology"; Value = "Buck"; VariantName = "[No Variations]"
Add component (AddParameter): Name = "Temperature"; Value = "-40°C to +125°C"; VariantName = "[No Variations]"
Add component (AddParameter): Name = "Temperature Range High"; Value = "+125°C"; VariantName = "[No Variations]"
Add component (AddParameter): Name = "Temperature Range Low"; Value = "-40°C"; VariantName = "[No Variations]"
Added Component: Designator=U11(LMR14010)
Added Pin To Net: NetName=CAN H Pin=*1-1
Added Pin To Net: NetName=CAN H Pin=*1-1
Added Pin To Net: NetName=CAN L Pin=*1-2
Added Pin To Net: NetName=CAN L Pin=*1-2
Added Pin To Net: NetName=CAN H Pin=*2-1
Added Pin To Net: NetName=CAN H Pin=*2-1
Added Pin To Net: NetName=CAN L Pin=*2-2
Added Pin To Net: NetName=CAN L Pin=*2-2
Added Pin To Net: NetName=5V ISO Pin=*-1
Added Pin To Net: NetName=5V ISO Pin=*-1
Added Pin To Net: NetName=GND Pin=*-1
Added Pin To Net: NetName=GND Pin=*-1
Added Pin To Net: NetName=HALL 3B M2 Pin=*-2
Added Pin To Net: NetName=HALL 3B M2 Pin=*-2
Added Pin To Net: NetName=HALL 3A M2 Pin=*-3
Added Pin To Net: NetName=HALL 3A M2 Pin=*-3
Added Pin To Net: NetName=HALL 2B M2 Pin=*-4
Added Pin To Net: NetName=HALL 2B M2 Pin=*-4
Added Pin To Net: NetName=HALL 2A M2 Pin=*-5
Added Pin To Net: NetName=HALL 2A M2 Pin=*-5
Added Pin To Net: NetName=HALL 1B M2 Pin=*-6
Added Pin To Net: NetName=HALL 1B M2 Pin=*-6
Added Pin To Net: NetName=HALL 1A M2 Pin=*-7
Added Pin To Net: NetName=HALL 1A M2 Pin=*-7
Added Pin To Net: NetName=5V Pin=*-8
Added Pin To Net: NetName=5V Pin=*-8
Added Pin To Net: NetName=5V ISO Pin=*?-1
Added Pin To Net: NetName=5V ISO Pin=*?-1
Added Pin To Net: NetName=GND Pin=*?-1
Added Pin To Net: NetName=GND Pin=*?-1
Added Pin To Net: NetName=HALL 3B M1 Pin=*?-2
Added Pin To Net: NetName=HALL 3B M1 Pin=*?-2
Added Pin To Net: NetName=HALL 3A M1 Pin=*?-3
Added Pin To Net: NetName=HALL 3A M1 Pin=*?-3
Added Pin To Net: NetName=HALL 2B M1 Pin=*?-4
Added Pin To Net: NetName=HALL 2B M1 Pin=*?-4
Added Pin To Net: NetName=HALL 2A M1 Pin=*?-5
Added Pin To Net: NetName=HALL 2A M1 Pin=*?-5
Added Pin To Net: NetName=HALL 1B M1 Pin=*?-6
Added Pin To Net: NetName=HALL 1B M1 Pin=*?-6
Added Pin To Net: NetName=HALL 1A M1 Pin=*?-7
Added Pin To Net: NetName=HALL 1A M1 Pin=*?-7
Added Pin To Net: NetName=5V Pin=*?-8
Added Pin To Net: NetName=5V Pin=*?-8
Added Pin To Net: NetName=GND ISO Pin=C1-1
Added Pin To Net: NetName=5V ISO Pin=C1-2
Added Pin To Net: NetName=GND Pin=C2-1
Added Pin To Net: NetName=5V Pin=C2-2
Added Pin To Net: NetName=GND Pin=C3-1
Added Pin To Net: NetName=+3v3 Pin=C3-2
Added Pin To Net: NetName=GND Pin=C4-1
Added Pin To Net: NetName=+3v3 Pin=C4-2
Added Pin To Net: NetName=ISO GND Pin=C7-1
Added Pin To Net: NetName=ISO 3V3 Pin=C7-2
Added Pin To Net: NetName=GND Pin=C8-1
Added Pin To Net: NetName=3V3 Pin=C8-2
Added Pin To Net: NetName=ISO GND Pin=C9-1
Added Pin To Net: NetName=ISO 3V3 Pin=C9-2
Added Pin To Net: NetName=GND Pin=C10-1
Added Pin To Net: NetName=3V3 Pin=C10-2
Added Pin To Net: NetName=GND Pin=C11-1
Added Pin To Net: NetName=3V3 Pin=C11-2
Added Pin To Net: NetName=GND Pin=C12-1
Added Pin To Net: NetName=3V3 Pin=C12-2
Added Pin To Net: NetName=GND Pin=C13-1
Added Pin To Net: NetName=3V3 Pin=C13-2
Added Pin To Net: NetName=GND Pin=C14-1
Added Pin To Net: NetName=3V3 Pin=C14-2
Added Pin To Net: NetName=GND Pin=C15-1
Added Pin To Net: NetName=3V3 Pin=C15-2
Added Pin To Net: NetName=GND Pin=C16-1
Added Pin To Net: NetName=NRST Pin=C16-2
Added Pin To Net: NetName=GND Pin=C19-1
Added Pin To Net: NetName=3V3 Pin=C19-2
Added Pin To Net: NetName=GND Pin=C20-1
Added Pin To Net: NetName=5V Pin=C20-2
Added Pin To Net: NetName=GND Pin=C21-1
Added Pin To Net: NetName=5V Pin=C21-2
Added Pin To Net: NetName=GND Pin=C22-1
Added Pin To Net: NetName=12VP Pin=C22-2
Added Pin To Net: NetName=GND Pin=C23-1
Added Pin To Net: NetName=12V Pin=C23-2
Added Pin To Net: NetName=PWR CB 3V3 Pin=C24-1
Added Pin To Net: NetName=PWR SW 3V3 Pin=C24-2
Added Pin To Net: NetName=GND Pin=C25-1
Added Pin To Net: NetName=12VP Pin=C25-2
Added Pin To Net: NetName=GND Pin=C26-1
Added Pin To Net: NetName=12VP Pin=C26-2
Added Pin To Net: NetName=GND Pin=C27-1
Added Pin To Net: NetName=3V3 Pin=C27-2
Added Pin To Net: NetName=GND Pin=C28-1
Added Pin To Net: NetName=3V3 Pin=C28-2
Added Pin To Net: NetName=PWR CB 5V Pin=C29-1
Added Pin To Net: NetName=PWR SW 5V Pin=C29-2
Added Pin To Net: NetName=GND Pin=C30-1
Added Pin To Net: NetName=12V Pin=C30-2
Added Pin To Net: NetName=GND Pin=C31-1
Added Pin To Net: NetName=12V Pin=C31-2
Added Pin To Net: NetName=GND Pin=C32-1
Added Pin To Net: NetName=5V Pin=C32-2
Added Pin To Net: NetName=GND Pin=C33-1
Added Pin To Net: NetName=5V Pin=C33-2
Added Pin To Net: NetName=CAN L Pin=D3-1
Added Pin To Net: NetName=CAN H Pin=D3-2
Added Pin To Net: NetName=ISO GND Pin=D3-3
Added Pin To Net: NetName=CAN MAIN L Pin=D5-1
Added Pin To Net: NetName=CAN MAIN H Pin=D5-2
Added Pin To Net: NetName=GND Pin=D5-3
Added Pin To Net: NetName=GND Pin=D6-A
Added Pin To Net: NetName=12VP Pin=D6-K
Added Pin To Net: NetName=GND Pin=D7-A
Added Pin To Net: NetName=PWR SW 3V3 Pin=D7-K
Added Pin To Net: NetName=GND Pin=D8-A
Added Pin To Net: NetName=PWR SW 5V Pin=D8-K
Added Pin To Net: NetName=USB D N Pin=D9-1
Added Pin To Net: NetName=GND Pin=D9-2
Added Pin To Net: NetName=USB D P Pin=D9-3
Added Pin To Net: NetName=USB D P Pin=D9-4
Added Pin To Net: NetName=VUSB Pin=D9-5
Added Pin To Net: NetName=USB D N Pin=D9-6
Added Pin To Net: NetName=CAN LED Pin=DS1-1
Added Pin To Net: NetName=CAN TX LED Pin=DS1-2
Added Pin To Net: NetName=CAN LED Pin=DS2-1
Added Pin To Net: NetName=CAN RX LED Pin=DS2-2
Added Pin To Net: NetName=NetDS3_1 Pin=DS3-1
Added Pin To Net: NetName=ORANGE LED 1 Pin=DS3-2
Added Pin To Net: NetName=NetDS4_1 Pin=DS4-1
Added Pin To Net: NetName=ORANGE LED 2 Pin=DS4-2
Added Pin To Net: NetName=CAN MAIN LED Pin=DS5-1
Added Pin To Net: NetName=CAN MAIN TX LED Pin=DS5-2
Added Pin To Net: NetName=CAN MAIN LED Pin=DS6-1
Added Pin To Net: NetName=CAN MAIN RX LED Pin=DS6-2
Added Pin To Net: NetName=5V Pin=IC1-1
Added Pin To Net: NetName=M1 H1 Pin=IC1-3
Added Pin To Net: NetName=M1 H2 Pin=IC1-4
Added Pin To Net: NetName=M1 H3 Pin=IC1-5
Added Pin To Net: NetName=GND Pin=IC1-8
Added Pin To Net: NetName=GND ISO Pin=IC1-9
Added Pin To Net: NetName=M1 H3 ISO Pin=IC1-12
Added Pin To Net: NetName=M1 H2 ISO Pin=IC1-13
Added Pin To Net: NetName=M1 H1 ISO Pin=IC1-14
Added Pin To Net: NetName=5V ISO Pin=IC1-16
Added Pin To Net: NetName=+3v3 Pin=IC2-1
Added Pin To Net: NetName=M2 H1 Pin=IC2-3
Added Pin To Net: NetName=M2 H2 Pin=IC2-4
Added Pin To Net: NetName=M2 H3 Pin=IC2-5
Added Pin To Net: NetName=GND Pin=IC2-8
Added Pin To Net: NetName=GND Pin=IC2-9
Added Pin To Net: NetName=M2 H3 ISO Pin=IC2-12
Added Pin To Net: NetName=M2 H2 ISO Pin=IC2-13
Added Pin To Net: NetName=M2 H1 ISO Pin=IC2-14
Added Pin To Net: NetName=+3v3 Pin=IC2-16
Added Pin To Net: NetName=HALL 1B M2 Pin=IC4-1
Added Pin To Net: NetName=HALL 1A M2 Pin=IC4-2
Added Pin To Net: NetName=HALL 2A M2 Pin=IC4-6
Added Pin To Net: NetName=HALL 2B M2 Pin=IC4-7
Added Pin To Net: NetName=GND Pin=IC4-8
Added Pin To Net: NetName=HALL 3B M2 Pin=IC4-9
Added Pin To Net: NetName=HALL 3A M2 Pin=IC4-10
Added Pin To Net: NetName=GND Pin=IC4-12
Added Pin To Net: NetName=5V Pin=IC4-16
Added Pin To Net: NetName=HALL 1B M1 Pin=IC5-1
Added Pin To Net: NetName=HALL 1A M1 Pin=IC5-2
Added Pin To Net: NetName=HALL 2A M1 Pin=IC5-6
Added Pin To Net: NetName=HALL 2B M1 Pin=IC5-7
Added Pin To Net: NetName=GND Pin=IC5-8
Added Pin To Net: NetName=HALL 3B M1 Pin=IC5-9
Added Pin To Net: NetName=HALL 3A M1 Pin=IC5-10
Added Pin To Net: NetName=GND Pin=IC5-12
Added Pin To Net: NetName=5V Pin=IC5-16
Added Pin To Net: NetName=3V3 Pin=J1-1
Added Pin To Net: NetName=CAN LED Pin=J1-2
Added Pin To Net: NetName=CAN H Pin=J2-1
Added Pin To Net: NetName=NetJ2_2 Pin=J2-2
Added Pin To Net: NetName=ISO 3V3 Pin=J3-1
Added Pin To Net: NetName=CAN LBK Pin=J3-2
Added Pin To Net: NetName=3V3 Pin=J4-1
Added Pin To Net: NetName=GND Pin=J4-3
Added Pin To Net: NetName=GND Pin=J4-5
Added Pin To Net: NetName=GND Pin=J4-9
Added Pin To Net: NetName=3V3 Pin=J5-1
Added Pin To Net: NetName=CAN MAIN LED Pin=J5-2
Added Pin To Net: NetName=CAN MAIN H Pin=J6-1
Added Pin To Net: NetName=NetJ6_2 Pin=J6-2
Added Pin To Net: NetName=3V3 Pin=J7-1
Added Pin To Net: NetName=CAN MAIN LBK Pin=J7-2
Added Pin To Net: NetName=CANL Pin=J8-1
Added Pin To Net: NetName=CANH Pin=J8-2
Added Pin To Net: NetName=GND Pin=J8-3
Added Pin To Net: NetName=12V Pin=J8-4
Added Pin To Net: NetName=12V Pin=J8-5
Added Pin To Net: NetName=GND Pin=J8-6
Added Pin To Net: NetName=CANL Pin=J8-7
Added Pin To Net: NetName=CANH Pin=J8-8
Added Pin To Net: NetName=GND Pin=J8-9
Added Pin To Net: NetName=12V Pin=J8-10
Added Pin To Net: NetName=12V Pin=J8-11
Added Pin To Net: NetName=GND Pin=J8-12
Added Pin To Net: NetName=CANL Pin=J9-1
Added Pin To Net: NetName=CANH Pin=J9-2
Added Pin To Net: NetName=GND Pin=J9-3
Added Pin To Net: NetName=12V Pin=J9-4
Added Pin To Net: NetName=12V Pin=J9-5
Added Pin To Net: NetName=GND Pin=J9-6
Added Pin To Net: NetName=CANL Pin=J9-7
Added Pin To Net: NetName=CANH Pin=J9-8
Added Pin To Net: NetName=GND Pin=J9-9
Added Pin To Net: NetName=12V Pin=J9-10
Added Pin To Net: NetName=12V Pin=J9-11
Added Pin To Net: NetName=GND Pin=J9-12
Added Pin To Net: NetName=VUSB Pin=J10-1
Added Pin To Net: NetName=VUSB Pin=J10-1
Added Pin To Net: NetName=USB D P Pin=J10-2
Added Pin To Net: NetName=USB D P Pin=J10-2
Added Pin To Net: NetName=USB D N Pin=J10-3
Added Pin To Net: NetName=USB D N Pin=J10-3
Added Pin To Net: NetName=GND Pin=J10-4
Added Pin To Net: NetName=GND Pin=J10-4
Added Pin To Net: NetName=CAN1 TX Pin=R4-1
Added Pin To Net: NetName=CAN TX LED Pin=R4-2
Added Pin To Net: NetName=CAN1 RX Pin=R5-1
Added Pin To Net: NetName=CAN RX LED Pin=R5-2
Added Pin To Net: NetName=CAN L Pin=R6-1
Added Pin To Net: NetName=NetJ2_2 Pin=R6-2
Added Pin To Net: NetName=NRST Pin=R7-1
Added Pin To Net: NetName=3V3 Pin=R7-2
Added Pin To Net: NetName=NetDS3_1 Pin=R8-1
Added Pin To Net: NetName=3V3 Pin=R8-2
Added Pin To Net: NetName=NetDS4_1 Pin=R9-1
Added Pin To Net: NetName=3V3 Pin=R9-2
Added Pin To Net: NetName=CAN2 TX Pin=R12-1
Added Pin To Net: NetName=CAN MAIN TX LED Pin=R12-2
Added Pin To Net: NetName=CAN2 RX Pin=R13-1
Added Pin To Net: NetName=CAN MAIN RX LED Pin=R13-2
Added Pin To Net: NetName=CAN MAIN L Pin=R14-1
Added Pin To Net: NetName=NetJ6_2 Pin=R14-2
Added Pin To Net: NetName=NetDS7_1 Pin=R15-1
Added Pin To Net: NetName=12V Pin=R15-2
Added Pin To Net: NetName=NetDS8_1 Pin=R16-1
Added Pin To Net: NetName=12V Pin=R16-2
Added Pin To Net: NetName=NetDS9_1 Pin=R17-1
Added Pin To Net: NetName=12V Pin=R17-2
Added Pin To Net: NetName=UVLO Pin=R18-1
Added Pin To Net: NetName=12V Pin=R18-2
Added Pin To Net: NetName=OVLO Pin=R19-1
Added Pin To Net: NetName=12V Pin=R19-2
Added Pin To Net: NetName=NetDS10_1 Pin=R20-1
Added Pin To Net: NetName=12VP Pin=R20-2
Added Pin To Net: NetName=GND Pin=R21-1
Added Pin To Net: NetName=CLMODE Pin=R21-2
Added Pin To Net: NetName=GND Pin=R22-1
Added Pin To Net: NetName=UVLO Pin=R22-2
Added Pin To Net: NetName=GND Pin=R23-1
Added Pin To Net: NetName=OVLO Pin=R23-2
Added Pin To Net: NetName=GND Pin=R24-1
Added Pin To Net: NetName=SETI Pin=R24-2
Added Pin To Net: NetName=PWR FB 3V3 Pin=R25-1
Added Pin To Net: NetName=3V3 Pin=R25-2
Added Pin To Net: NetName=NetDS11_1 Pin=R26-1
Added Pin To Net: NetName=3V3 Pin=R26-2
Added Pin To Net: NetName=GND Pin=R27-1
Added Pin To Net: NetName=PWR FB 3V3 Pin=R27-2
Added Pin To Net: NetName=PWR FB 5V Pin=R28-1
Added Pin To Net: NetName=5V Pin=R28-2
Added Pin To Net: NetName=LED 5V Pin=R29-1
Added Pin To Net: NetName=5V Pin=R29-2
Added Pin To Net: NetName=GND Pin=R30-1
Added Pin To Net: NetName=PWR FB 5V Pin=R30-2
Added Pin To Net: NetName=GND Pin=SW1-1
Added Pin To Net: NetName=NRST Pin=SW1-2
Added Pin To Net: NetName=CAN H Pin=TP1-1
Added Pin To Net: NetName=ISO CAN TX Pin=TP2-1
Added Pin To Net: NetName=CAN1 TX Pin=TP3-1
Added Pin To Net: NetName=CAN L Pin=TP4-1
Added Pin To Net: NetName=ISO CAN RX Pin=TP5-1
Added Pin To Net: NetName=CAN1 RX Pin=TP6-1
Added Pin To Net: NetName=CAN MAIN H Pin=TP7-1
Added Pin To Net: NetName=CAN2 TX Pin=TP8-1
Added Pin To Net: NetName=CAN MAIN L Pin=TP9-1
Added Pin To Net: NetName=CAN2 RX Pin=TP10-1
Added Pin To Net: NetName=3V3 Pin=TP14-1
Added Pin To Net: NetName=PWR SW 3V3 Pin=TP15-1
Added Pin To Net: NetName=PWR FB 3V3 Pin=TP16-1
Added Pin To Net: NetName=3V3 Pin=U3-1
Added Pin To Net: NetName=CAN1 TX Pin=U3-2
Added Pin To Net: NetName=CAN1 RX Pin=U3-3
Added Pin To Net: NetName=GND Pin=U3-4
Added Pin To Net: NetName=ISO GND Pin=U3-5
Added Pin To Net: NetName=ISO CAN RX Pin=U3-6
Added Pin To Net: NetName=ISO CAN TX Pin=U3-7
Added Pin To Net: NetName=ISO 3V3 Pin=U3-8
Added Pin To Net: NetName=ISO CAN TX Pin=U4-1
Added Pin To Net: NetName=ISO GND Pin=U4-2
Added Pin To Net: NetName=ISO 3V3 Pin=U4-3
Added Pin To Net: NetName=ISO CAN RX Pin=U4-4
Added Pin To Net: NetName=CAN LBK Pin=U4-5
Added Pin To Net: NetName=CAN L Pin=U4-6
Added Pin To Net: NetName=CAN H Pin=U4-7
Added Pin To Net: NetName=ISO GND Pin=U4-8
Added Pin To Net: NetName=3V3 Pin=U5-1
Added Pin To Net: NetName=OSC IN Pin=U5-5
Added Pin To Net: NetName=GND Pin=U5-6
Added Pin To Net: NetName=GND Pin=U5-12
Added Pin To Net: NetName=3V3 Pin=U5-13
Added Pin To Net: NetName=GND Pin=U5-18
Added Pin To Net: NetName=3V3 Pin=U5-19
Added Pin To Net: NetName=GND Pin=U5-31
Added Pin To Net: NetName=3V3 Pin=U5-32
Added Pin To Net: NetName=CAN2 RX Pin=U5-33
Added Pin To Net: NetName=CAN2 TX Pin=U5-34
Added Pin To Net: NetName=ORANGE LED 1 Pin=U5-35
Added Pin To Net: NetName=ORANGE LED 2 Pin=U5-36
Added Pin To Net: NetName=USB DM Pin=U5-44
Added Pin To Net: NetName=USB DP Pin=U5-45
Added Pin To Net: NetName=GND Pin=U5-47
Added Pin To Net: NetName=3V3 Pin=U5-48
Added Pin To Net: NetName=CAN1 RX Pin=U5-57
Added Pin To Net: NetName=CAN1 TX Pin=U5-58
Added Pin To Net: NetName=GND Pin=U5-63
Added Pin To Net: NetName=3V3 Pin=U5-64
Added Pin To Net: NetName=3V3 Pin=U6-1
Added Pin To Net: NetName=12V Pin=U6-1
Added Pin To Net: NetName=GND Pin=U6-2
Added Pin To Net: NetName=UVLO Pin=U6-2
Added Pin To Net: NetName=OSC IN Pin=U6-3
Added Pin To Net: NetName=OVLO Pin=U6-3
Added Pin To Net: NetName=3V3 Pin=U6-4
Added Pin To Net: NetName=CLMODE Pin=U6-4
Added Pin To Net: NetName=CAN2 TX Pin=U8-1
Added Pin To Net: NetName=GND Pin=U8-2
Added Pin To Net: NetName=3V3 Pin=U8-3
Added Pin To Net: NetName=CAN2 RX Pin=U8-4
Added Pin To Net: NetName=CAN MAIN LBK Pin=U8-5
Added Pin To Net: NetName=CAN MAIN L Pin=U8-6
Added Pin To Net: NetName=CAN MAIN H Pin=U8-7
Added Pin To Net: NetName=GND Pin=U8-8
Added Pin To Net: NetName=PWR CB 3V3 Pin=U10-1
Added Pin To Net: NetName=GND Pin=U10-2
Added Pin To Net: NetName=PWR FB 3V3 Pin=U10-3
Added Pin To Net: NetName=12VP Pin=U10-4
Added Pin To Net: NetName=12VP Pin=U10-5
Added Pin To Net: NetName=PWR SW 3V3 Pin=U10-6
Added Pin To Net: NetName=PWR CB 5V Pin=U11-1
Added Pin To Net: NetName=GND Pin=U11-2
Added Pin To Net: NetName=PWR FB 5V Pin=U11-3
Added Pin To Net: NetName=12V Pin=U11-4
Added Pin To Net: NetName=12V Pin=U11-5
Added Pin To Net: NetName=PWR SW 5V Pin=U11-6
Added Member To Class: ClassName=MCISO-S01-V00-Master Member=Component *1 JST PH 2x RIGHT COMB
Added Member To Class: ClassName=MCISO-S01-V00-Master Member=Component *2 JST PH 2x RIGHT COMB
Added Member To Class: ClassName=MCISO-S01-V00-Master Member=Component *? JST PH 5x RIGHT COMB
Added Member To Class: ClassName=U_MCISO-S08-V00-HallDifferentials Member=Component *? JST PH 8x Right comb
Added Member To Class: ClassName=MCISO-S01-V00-Master Member=Component * JST PH 5x RIGHT COMB
Added Member To Class: ClassName=U_MCISO-S08-V00-HallDifferentials Member=Component * JST PH 8x Right comb
Added Member To Class: ClassName=MCISO-S01-V00-Master Member=Component C1 100nF 50V 5% X7R 0603
Added Member To Class: ClassName=MCISO-S01-V00-Master Member=Component C2 100nF 50V 5% X7R 0603
Added Member To Class: ClassName=MCISO-S01-V00-Master Member=Component C3 100nF 50V 5% X7R 0603
Added Member To Class: ClassName=MCISO-S01-V00-Master Member=Component C4 100nF 50V 5% X7R 0603
Added Member To Class: ClassName=U_MCISO-S05-V00-CANIsolation Member=Component C7 100nF
Added Member To Class: ClassName=U_MCISO-S05-V00-CANIsolation Member=Component C8 100nF
Added Member To Class: ClassName=U_MCISO-S05-V00-CANIsolation Member=Component C9 100nF
Added Member To Class: ClassName=U_MCISO-S04-V00-Microcontroller Member=Component C10 100nF
Added Member To Class: ClassName=U_MCISO-S04-V00-Microcontroller Member=Component C11 100nF
Added Member To Class: ClassName=U_MCISO-S04-V00-Microcontroller Member=Component C12 100nF
Added Member To Class: ClassName=U_MCISO-S04-V00-Microcontroller Member=Component C13 100nF
Added Member To Class: ClassName=U_MCISO-S04-V00-Microcontroller Member=Component C14 4u7
Added Member To Class: ClassName=U_MCISO-S04-V00-Microcontroller Member=Component C15 100nF 100V
Added Member To Class: ClassName=U_MCISO-S04-V00-Microcontroller Member=Component C16 100nF 100V
Added Member To Class: ClassName=U_MCISO-S07-V00-CANMain Member=Component C19 100nF 100V
Added Member To Class: ClassName=U_MCISO-S08-V00-HallDifferentials Member=Component C20 4u7 50V 5% X7R 0603
Added Member To Class: ClassName=U_MCISO-S08-V00-HallDifferentials Member=Component C21 4u7 50V 5% X7R 0603
Added Member To Class: ClassName=U_VCU-S02-V00-12VProtection Member=Component C22 4u7 50V 5%
Added Member To Class: ClassName=U_VCU-S02-V00-12VProtection Member=Component C23 470nF 50V 5%
Added Member To Class: ClassName=U_VCU-S03-V00-PSU3V3 Member=Component C24 100nF 50V
Added Member To Class: ClassName=U_VCU-S03-V00-PSU3V3 Member=Component C25 22uF 35V
Added Member To Class: ClassName=U_VCU-S03-V00-PSU3V3 Member=Component C26 22uF 35V
Added Member To Class: ClassName=U_VCU-S03-V00-PSU3V3 Member=Component C27 47uF 16V 1210
Added Member To Class: ClassName=U_VCU-S03-V00-PSU3V3 Member=Component C28 47uF 16V 1210
Added Member To Class: ClassName=U_VCU-S04-V00-PSU5V Member=Component C29 100nF 100V
Added Member To Class: ClassName=U_VCU-S04-V00-PSU5V Member=Component C30 22uF 35V 1206
Added Member To Class: ClassName=U_VCU-S04-V00-PSU5V Member=Component C31 22uF 35V 1206
Added Member To Class: ClassName=U_VCU-S04-V00-PSU5V Member=Component C32 47uF 16V 1210
Added Member To Class: ClassName=U_VCU-S04-V00-PSU5V Member=Component C33 47uF 16V 1210
Added Member To Class: ClassName=U_MCISO-S05-V00-CANIsolation Member=Component D3 NUP2105L
Added Member To Class: ClassName=U_MCISO-S07-V00-CANMain Member=Component D5 NUP2105L
Added Member To Class: ClassName=U_VCU-S02-V00-12VProtection Member=Component D6 1N4448WQ-7-F
Added Member To Class: ClassName=U_VCU-S03-V00-PSU3V3 Member=Component D7 B260A-13-F
Added Member To Class: ClassName=U_VCU-S04-V00-PSU5V Member=Component D8 B260A-13-F
Added Member To Class: ClassName=U_USB-C Protection Member=Component D9 PRTR5V0U4D
Added Member To Class: ClassName=U_MCISO-S05-V00-CANIsolation Member=Component DS1 LED Blue 0603
Added Member To Class: ClassName=U_MCISO-S05-V00-CANIsolation Member=Component DS2 LED Blue 0603
Added Member To Class: ClassName=U_MCISO-S04-V00-Microcontroller Member=Component DS3 LED Orange
Added Member To Class: ClassName=U_MCISO-S04-V00-Microcontroller Member=Component DS4 LED Orange
Added Member To Class: ClassName=U_MCISO-S07-V00-CANMain Member=Component DS5 LED Blue 0603
Added Member To Class: ClassName=U_MCISO-S07-V00-CANMain Member=Component DS6 LED Blue 0603
Added Member To Class: ClassName=MCISO-S01-V00-Master Member=Component IC1 SI8640BB-B-IS1R
Added Member To Class: ClassName=MCISO-S01-V00-Master Member=Component IC2 SI8640BB-B-IS1R
Added Member To Class: ClassName=U_MCISO-S05-V00-CANIsolation Member=Component IC3 Si8641BC-B-IS1
Added Member To Class: ClassName=U_MCISO-S08-V00-HallDifferentials Member=Component IC4 AM26LS32ACDR
Added Member To Class: ClassName=U_MCISO-S08-V00-HallDifferentials Member=Component IC5 AM26LS32ACDR
Added Member To Class: ClassName=U_MCISO-S05-V00-CANIsolation Member=Component J1 Jumper 2Way Pins
Added Member To Class: ClassName=U_MCISO-S05-V00-CANIsolation Member=Component J2 Jumper 2Way Pins
Added Member To Class: ClassName=U_MCISO-S05-V00-CANIsolation Member=Component J3 Jumper 2Way Pins
Added Member To Class: ClassName=U_MCISO-S04-V00-Microcontroller Member=Component J4 IDC 10P 2x5 1.27mm
Added Member To Class: ClassName=U_MCISO-S07-V00-CANMain Member=Component J5 Jumper 2Way Pins
Added Member To Class: ClassName=U_MCISO-S07-V00-CANMain Member=Component J6 Jumper 2Way Pins
Added Member To Class: ClassName=U_MCISO-S07-V00-CANMain Member=Component J7 Jumper 2Way Pins
Added Member To Class: ClassName=U_VCU-S02-V00-12VProtection Member=Component J8 MX120G
Added Member To Class: ClassName=U_VCU-S02-V00-12VProtection Member=Component J9 MX120G
Added Member To Class: ClassName=U_USB-C Protection Member=Component J10 JST PH 4x RIGHT COMB
Added Member To Class: ClassName=U_MCISO-S05-V00-CANIsolation Member=Component R4 330R
Added Member To Class: ClassName=U_MCISO-S05-V00-CANIsolation Member=Component R5 330R
Added Member To Class: ClassName=U_MCISO-S05-V00-CANIsolation Member=Component R6 120R 1% 1210
Added Member To Class: ClassName=U_MCISO-S04-V00-Microcontroller Member=Component R7 4k7
Added Member To Class: ClassName=U_MCISO-S04-V00-Microcontroller Member=Component R8 330R
Added Member To Class: ClassName=U_MCISO-S04-V00-Microcontroller Member=Component R9 330R
Added Member To Class: ClassName=U_MCISO-S07-V00-CANMain Member=Component R12 330R
Added Member To Class: ClassName=U_MCISO-S07-V00-CANMain Member=Component R13 330R
Added Member To Class: ClassName=U_MCISO-S07-V00-CANMain Member=Component R14 120R 1% 1210
Added Member To Class: ClassName=U_VCU-S02-V00-12VProtection Member=Component R15 4k7 5% 0603
Added Member To Class: ClassName=U_VCU-S02-V00-12VProtection Member=Component R16 4k7 5% 0603
Added Member To Class: ClassName=U_VCU-S02-V00-12VProtection Member=Component R17 4k7 5% 0603
Added Member To Class: ClassName=U_VCU-S02-V00-12VProtection Member=Component R18 2M2 1%
Added Member To Class: ClassName=U_VCU-S02-V00-12VProtection Member=Component R19 2M2 1%
Added Member To Class: ClassName=U_VCU-S02-V00-12VProtection Member=Component R20 4k7 5% 0603
Added Member To Class: ClassName=U_VCU-S02-V00-12VProtection Member=Component R21 150k 5% 0603
Added Member To Class: ClassName=U_VCU-S02-V00-12VProtection Member=Component R22 390k 5%
Added Member To Class: ClassName=U_VCU-S02-V00-12VProtection Member=Component R23 240k 5%
Added Member To Class: ClassName=U_VCU-S02-V00-12VProtection Member=Component R24 1k 5% 0603
Added Member To Class: ClassName=U_VCU-S03-V00-PSU3V3 Member=Component R25 64k9 1%
Added Member To Class: ClassName=U_VCU-S03-V00-PSU3V3 Member=Component R26 1k
Added Member To Class: ClassName=U_VCU-S03-V00-PSU3V3 Member=Component R27 19k6 1%
Added Member To Class: ClassName=U_VCU-S04-V00-PSU5V Member=Component R28 111k 1%
Added Member To Class: ClassName=U_VCU-S04-V00-PSU5V Member=Component R29 1k
Added Member To Class: ClassName=U_VCU-S04-V00-PSU5V Member=Component R30 20k 1%
Added Member To Class: ClassName=U_MCISO-S04-V00-Microcontroller Member=Component SW1 B3U-1000P
Added Member To Class: ClassName=U_MCISO-S05-V00-CANIsolation Member=Component TP1 TestPoint_SMD
Added Member To Class: ClassName=U_MCISO-S05-V00-CANIsolation Member=Component TP2 TestPoint_SMD
Added Member To Class: ClassName=U_MCISO-S05-V00-CANIsolation Member=Component TP3 TestPoint_SMD
Added Member To Class: ClassName=U_MCISO-S05-V00-CANIsolation Member=Component TP4 TestPoint_SMD
Added Member To Class: ClassName=U_MCISO-S05-V00-CANIsolation Member=Component TP5 TestPoint_SMD
Added Member To Class: ClassName=U_MCISO-S05-V00-CANIsolation Member=Component TP6 TestPoint_SMD
Added Member To Class: ClassName=U_MCISO-S07-V00-CANMain Member=Component TP7 TestPoint_SMD
Added Member To Class: ClassName=U_MCISO-S07-V00-CANMain Member=Component TP8 TestPoint_SMD
Added Member To Class: ClassName=U_MCISO-S07-V00-CANMain Member=Component TP9 TestPoint_SMD
Added Member To Class: ClassName=U_MCISO-S07-V00-CANMain Member=Component TP10 TestPoint_SMD
Added Member To Class: ClassName=U_VCU-S03-V00-PSU3V3 Member=Component TP14 TestPoint_SMD
Added Member To Class: ClassName=U_VCU-S03-V00-PSU3V3 Member=Component TP15 TestPoint_SMD
Added Member To Class: ClassName=U_VCU-S03-V00-PSU3V3 Member=Component TP16 TestPoint_SMD
Added Member To Class: ClassName=U_MCISO-S05-V00-CANIsolation Member=Component U3 Si8621BC-B-IS
Added Member To Class: ClassName=U_MCISO-S05-V00-CANIsolation Member=Component U4 SN65HVD233
Added Member To Class: ClassName=U_MCISO-S04-V00-Microcontroller Member=Component U5 STM32F105RC
Added Member To Class: ClassName=U_MCISO-S04-V00-Microcontroller Member=Component U6 DSC1001DI1-008.0000T
Added Member To Class: ClassName=U_VCU-S02-V00-12VProtection Member=Component U6 MAX17612A
Added Member To Class: ClassName=U_MCISO-S07-V00-CANMain Member=Component U8 SN65HVD233
Added Member To Class: ClassName=U_VCU-S03-V00-PSU3V3 Member=Component U10 LMR14010ADDCR
Added Member To Class: ClassName=U_VCU-S04-V00-PSU5V Member=Component U11 LMR14010
Added Room: Name=MCISO-S01-V00-Master
Added Room: Name=U_MCISO-S04-V00-Microcontroller
Added Room: Name=U_MCISO-S05-V00-CANIsolation
Added Room: Name=U_MCISO-S07-V00-CANMain
Added Room: Name=U_MCISO-S08-V00-HallDifferentials
Added Room: Name=U_USB-C Protection
Added Room: Name=U_VCU-S02-V00-12VProtection
Added Room: Name=U_VCU-S03-V00-PSU3V3
Added Room: Name=U_VCU-S04-V00-PSU5V
