Remove Pin=*3-2 From Net=M1 H1 ISO
Remove Pin=*3-3 From Net=M1 H2 ISO
Remove Pin=*3-4 From Net=M1 H3 ISO
Remove Pin=*4-2 From Net=M2 H1 ISO
Remove Pin=*4-3 From Net=M2 H2 ISO
Remove Pin=*4-4 From Net=M2 H3 ISO
Remove Pin=*5-2 From Net=HALL 3B M2
Remove Pin=*5-3 From Net=HALL 3A M2
Remove Pin=*5-4 From Net=HALL 2B M2
Remove Pin=*5-5 From Net=HALL 2A M2
Remove Pin=*5-6 From Net=HALL 1B M2
Remove Pin=*5-7 From Net=HALL 1A M2
Remove Pin=*6-2 From Net=HALL 3B M1
Remove Pin=*6-3 From Net=HALL 3A M1
Remove Pin=*6-4 From Net=HALL 2B M1
Remove Pin=*6-5 From Net=HALL 2A M1
Remove Pin=*6-6 From Net=HALL 1B M1
Remove Pin=*6-7 From Net=HALL 1A M1
Change Component Designator: OldDesignator=C5 NewDesignator=C7
Change Component Designator: OldDesignator=C6 NewDesignator=C8
Change Component Designator: OldDesignator=C7 NewDesignator=C9
Change Component Designator: OldDesignator=C8 NewDesignator=C10
Change Component Designator: OldDesignator=C9 NewDesignator=C11
Change Component Designator: OldDesignator=C10 NewDesignator=C12
Change Component Designator: OldDesignator=C11 NewDesignator=C13
Change Component Designator: OldDesignator=C12 NewDesignator=C14
Change Component Designator: OldDesignator=C13 NewDesignator=C15
Change Component Designator: OldDesignator=C14 NewDesignator=C16
Change Component Designator: OldDesignator=C15 NewDesignator=C19
Change Component Designator: OldDesignator=C16 NewDesignator=C20
Change Component Designator: OldDesignator=C17 NewDesignator=C21
Change Component Designator: OldDesignator=C18 NewDesignator=C22
Change Component Designator: OldDesignator=C19 NewDesignator=C23
Change Component Designator: OldDesignator=C20 NewDesignator=C24
Change Component Designator: OldDesignator=C21 NewDesignator=C25
Change Component Designator: OldDesignator=C22 NewDesignator=C26
Change Component Designator: OldDesignator=C23 NewDesignator=C27
Change Component Designator: OldDesignator=C24 NewDesignator=C28
Change Component Designator: OldDesignator=C25 NewDesignator=C29
Change Component Designator: OldDesignator=C26 NewDesignator=C30
Change Component Designator: OldDesignator=C27 NewDesignator=C31
Change Component Designator: OldDesignator=C28 NewDesignator=C32
Change Component Designator: OldDesignator=C29 NewDesignator=C33
Change Component Designator: OldDesignator=D1 NewDesignator=D3
Change Component Designator: OldDesignator=D2 NewDesignator=D5
Change Component Designator: OldDesignator=D3 NewDesignator=D6
Change Component Designator: OldDesignator=D4 NewDesignator=D7
Change Component Designator: OldDesignator=D5 NewDesignator=D8
Change Component Designator: OldDesignator=D6 NewDesignator=D9
Change Component Designator: OldDesignator=R1 NewDesignator=R4
Change Component Designator: OldDesignator=R2 NewDesignator=R5
Change Component Designator: OldDesignator=R3 NewDesignator=R6
Change Component Designator: OldDesignator=R4 NewDesignator=R7
Change Component Designator: OldDesignator=R5 NewDesignator=R8
Change Component Designator: OldDesignator=R6 NewDesignator=R9
Change Component Designator: OldDesignator=R7 NewDesignator=R12
Change Component Designator: OldDesignator=R8 NewDesignator=R13
Change Component Designator: OldDesignator=R9 NewDesignator=R14
Change Component Designator: OldDesignator=R10 NewDesignator=R15
Change Component Designator: OldDesignator=R11 NewDesignator=R16
Change Component Designator: OldDesignator=R12 NewDesignator=R17
Change Component Designator: OldDesignator=R13 NewDesignator=R18
Change Component Designator: OldDesignator=R14 NewDesignator=R19
Change Component Designator: OldDesignator=R15 NewDesignator=R20
Change Component Designator: OldDesignator=R16 NewDesignator=R21
Change Component Designator: OldDesignator=R17 NewDesignator=R22
Change Component Designator: OldDesignator=R18 NewDesignator=R23
Change Component Designator: OldDesignator=R19 NewDesignator=R24
Change Component Designator: OldDesignator=R20 NewDesignator=R25
Change Component Designator: OldDesignator=R21 NewDesignator=R26
Change Component Designator: OldDesignator=R22 NewDesignator=R27
Change Component Designator: OldDesignator=R23 NewDesignator=R28
Change Component Designator: OldDesignator=R24 NewDesignator=R29
Change Component Designator: OldDesignator=R25 NewDesignator=R30
Change Component Designator: OldDesignator=U1 NewDesignator=U3
Change Component Designator: OldDesignator=U2 NewDesignator=U4
Change Component Designator: OldDesignator=U3 NewDesignator=U5
Change Component Designator: OldDesignator=U4 NewDesignator=U6
Change Component Designator: OldDesignator=U5 NewDesignator=U8
Change Component Designator: OldDesignator=U7 NewDesignator=U10
Change Component Designator: OldDesignator=U8 NewDesignator=U11
